<?xml version="1.0" encoding="utf-8"?><testsuites name="pytest tests"><testsuite name="pytest" errors="0" failures="0" skipped="0" tests="8" time="2.241" timestamp="2026-05-04T22:17:13.584819+00:00" hostname="agent-env-fd67816c-619a-4d8d-86f4-09ae5b486410"><testcase classname="backend.tests.test_portfolio_api.TestRoot" name="test_root_ok" time="0.312" /><testcase classname="backend.tests.test_portfolio_api.TestContact" name="test_create_contact_and_persists_without_objectid" time="0.347" /><testcase classname="backend.tests.test_portfolio_api.TestContact" name="test_list_sorted_desc" time="0.282" /><testcase classname="backend.tests.test_portfolio_api.TestContact" name="test_invalid_email" time="0.204" /><testcase classname="backend.tests.test_portfolio_api.TestContact" name="test_missing_name" time="0.147" /><testcase classname="backend.tests.test_portfolio_api.TestContact" name="test_missing_message" time="0.177" /><testcase classname="backend.tests.test_portfolio_api.TestContact" name="test_empty_message" time="0.164" /><testcase classname="backend.tests.test_portfolio_api.TestStatus" name="test_create_and_list_status" time="0.226" /></testsuite></testsuites>